\BOOKMARK [0][-]{chapter.1}{\376\377\0001\000\040\000M\000a\000i\000n\000\040\000P\000a\000g\000e}{}% 1
\BOOKMARK [1][-]{section.1.1}{\376\377\0001\000.\0001\000\040\000E\000i\000n\000l\000e\000i\000t\000u\000n\000g}{chapter.1}% 2
\BOOKMARK [0][-]{chapter.2}{\376\377\0002\000\040\000H\000i\000e\000r\000a\000r\000c\000h\000i\000c\000a\000l\000\040\000I\000n\000d\000e\000x}{}% 3
\BOOKMARK [1][-]{section.2.1}{\376\377\0002\000.\0001\000\040\000C\000l\000a\000s\000s\000\040\000H\000i\000e\000r\000a\000r\000c\000h\000y}{chapter.2}% 4
\BOOKMARK [0][-]{chapter.3}{\376\377\0003\000\040\000C\000l\000a\000s\000s\000\040\000I\000n\000d\000e\000x}{}% 5
\BOOKMARK [1][-]{section.3.1}{\376\377\0003\000.\0001\000\040\000C\000l\000a\000s\000s\000\040\000L\000i\000s\000t}{chapter.3}% 6
\BOOKMARK [0][-]{chapter.4}{\376\377\0004\000\040\000F\000i\000l\000e\000\040\000I\000n\000d\000e\000x}{}% 7
\BOOKMARK [1][-]{section.4.1}{\376\377\0004\000.\0001\000\040\000F\000i\000l\000e\000\040\000L\000i\000s\000t}{chapter.4}% 8
\BOOKMARK [0][-]{chapter.5}{\376\377\0005\000\040\000C\000l\000a\000s\000s\000\040\000D\000o\000c\000u\000m\000e\000n\000t\000a\000t\000i\000o\000n}{}% 9
\BOOKMARK [1][-]{section.5.1}{\376\377\0005\000.\0001\000\040\000A\000n\000i\000m\000a\000t\000a\000b\000l\000e\000L\000c\000d\000\040\000C\000l\000a\000s\000s\000\040\000R\000e\000f\000e\000r\000e\000n\000c\000e}{chapter.5}% 10
\BOOKMARK [2][-]{subsection.5.1.1}{\376\377\0005\000.\0001\000.\0001\000\040\000M\000e\000m\000b\000e\000r\000\040\000F\000u\000n\000c\000t\000i\000o\000n\000\040\000D\000o\000c\000u\000m\000e\000n\000t\000a\000t\000i\000o\000n}{section.5.1}% 11
\BOOKMARK [3][-]{subsubsection.5.1.1.1}{\376\377\0005\000.\0001\000.\0001\000.\0001\000\040\000i\000n\000i\000t\000\050\000\051}{subsection.5.1.1}% 12
\BOOKMARK [3][-]{subsubsection.5.1.1.2}{\376\377\0005\000.\0001\000.\0001\000.\0002\000\040\000p\000r\000i\000n\000t\000\050\000\051}{subsection.5.1.1}% 13
\BOOKMARK [3][-]{subsubsection.5.1.1.3}{\376\377\0005\000.\0001\000.\0001\000.\0003\000\040\000p\000r\000i\000n\000t\000C\000e\000n\000t\000e\000r\000e\000d\000\050\000\051}{subsection.5.1.1}% 14
\BOOKMARK [3][-]{subsubsection.5.1.1.4}{\376\377\0005\000.\0001\000.\0001\000.\0004\000\040\000p\000r\000i\000n\000t\000P\000r\000e\000t\000t\000y\000\050\000\051}{subsection.5.1.1}% 15
\BOOKMARK [3][-]{subsubsection.5.1.1.5}{\376\377\0005\000.\0001\000.\0001\000.\0005\000\040\000s\000e\000t\000A\000n\000i\000m\000a\000t\000i\000o\000n\000\050\000\051}{subsection.5.1.1}% 16
\BOOKMARK [3][-]{subsubsection.5.1.1.6}{\376\377\0005\000.\0001\000.\0001\000.\0006\000\040\000u\000p\000d\000a\000t\000e\000\050\000\051}{subsection.5.1.1}% 17
\BOOKMARK [2][-]{subsection.5.1.2}{\376\377\0005\000.\0001\000.\0002\000\040\000M\000e\000m\000b\000e\000r\000\040\000D\000a\000t\000a\000\040\000D\000o\000c\000u\000m\000e\000n\000t\000a\000t\000i\000o\000n}{section.5.1}% 18
\BOOKMARK [3][-]{subsubsection.5.1.2.1}{\376\377\0005\000.\0001\000.\0002\000.\0001\000\040\000a\000n\000i\000m\000S\000t\000r\000i\000n\000g}{subsection.5.1.2}% 19
\BOOKMARK [3][-]{subsubsection.5.1.2.2}{\376\377\0005\000.\0001\000.\0002\000.\0002\000\040\000d\000o\000A\000n\000i\000m\000a\000t\000i\000o\000n}{subsection.5.1.2}% 20
\BOOKMARK [1][-]{section.5.2}{\376\377\0005\000.\0002\000\040\000A\000n\000i\000m\000S\000t\000r\000i\000n\000g\000\040\000C\000l\000a\000s\000s\000\040\000R\000e\000f\000e\000r\000e\000n\000c\000e}{chapter.5}% 21
\BOOKMARK [2][-]{subsection.5.2.1}{\376\377\0005\000.\0002\000.\0001\000\040\000C\000o\000n\000s\000t\000r\000u\000c\000t\000o\000r\000\040\000\046\000\040\000D\000e\000s\000t\000r\000u\000c\000t\000o\000r\000\040\000D\000o\000c\000u\000m\000e\000n\000t\000a\000t\000i\000o\000n}{section.5.2}% 22
\BOOKMARK [3][-]{subsubsection.5.2.1.1}{\376\377\0005\000.\0002\000.\0001\000.\0001\000\040\000\040\000A\000n\000i\000m\000S\000t\000r\000i\000n\000g\000\050\000\051}{subsection.5.2.1}% 23
\BOOKMARK [2][-]{subsection.5.2.2}{\376\377\0005\000.\0002\000.\0002\000\040\000M\000e\000m\000b\000e\000r\000\040\000F\000u\000n\000c\000t\000i\000o\000n\000\040\000D\000o\000c\000u\000m\000e\000n\000t\000a\000t\000i\000o\000n}{section.5.2}% 24
\BOOKMARK [3][-]{subsubsection.5.2.2.1}{\376\377\0005\000.\0002\000.\0002\000.\0001\000\040\000i\000n\000i\000t\000\050\000\051}{subsection.5.2.2}% 25
\BOOKMARK [3][-]{subsubsection.5.2.2.2}{\376\377\0005\000.\0002\000.\0002\000.\0002\000\040\000L\000c\000d\000S\000t\000r\000i\000n\000g\000\050\000\051}{subsection.5.2.2}% 26
\BOOKMARK [3][-]{subsubsection.5.2.2.3}{\376\377\0005\000.\0002\000.\0002\000.\0003\000\040\000r\000u\000n\000\050\000\051}{subsection.5.2.2}% 27
\BOOKMARK [2][-]{subsection.5.2.3}{\376\377\0005\000.\0002\000.\0003\000\040\000M\000e\000m\000b\000e\000r\000\040\000D\000a\000t\000a\000\040\000D\000o\000c\000u\000m\000e\000n\000t\000a\000t\000i\000o\000n}{section.5.2}% 28
\BOOKMARK [3][-]{subsubsection.5.2.3.1}{\376\377\0005\000.\0002\000.\0003\000.\0001\000\040\000a\000n\000i\000m\000S\000t\000a\000r\000t}{subsection.5.2.3}% 29
\BOOKMARK [3][-]{subsubsection.5.2.3.2}{\376\377\0005\000.\0002\000.\0003\000.\0002\000\040\000l\000a\000s\000t\000R\000e\000f\000r\000e\000s\000h}{subsection.5.2.3}% 30
\BOOKMARK [3][-]{subsubsection.5.2.3.3}{\376\377\0005\000.\0002\000.\0003\000.\0003\000\040\000s\000t\000e\000p\000D\000u\000r\000a\000t\000i\000o\000n}{subsection.5.2.3}% 31
\BOOKMARK [1][-]{section.5.3}{\376\377\0005\000.\0003\000\040\000B\000u\000t\000t\000o\000n\000H\000a\000n\000d\000l\000e\000r\000\040\000C\000l\000a\000s\000s\000\040\000R\000e\000f\000e\000r\000e\000n\000c\000e}{chapter.5}% 32
\BOOKMARK [2][-]{subsection.5.3.1}{\376\377\0005\000.\0003\000.\0001\000\040\000C\000o\000n\000s\000t\000r\000u\000c\000t\000o\000r\000\040\000\046\000\040\000D\000e\000s\000t\000r\000u\000c\000t\000o\000r\000\040\000D\000o\000c\000u\000m\000e\000n\000t\000a\000t\000i\000o\000n}{section.5.3}% 33
\BOOKMARK [3][-]{subsubsection.5.3.1.1}{\376\377\0005\000.\0003\000.\0001\000.\0001\000\040\000B\000u\000t\000t\000o\000n\000H\000a\000n\000d\000l\000e\000r\000\050\000\051\000\040\000[\0001\000/\0002\000]}{subsection.5.3.1}% 34
\BOOKMARK [3][-]{subsubsection.5.3.1.2}{\376\377\0005\000.\0003\000.\0001\000.\0002\000\040\000B\000u\000t\000t\000o\000n\000H\000a\000n\000d\000l\000e\000r\000\050\000\051\000\040\000[\0002\000/\0002\000]}{subsection.5.3.1}% 35
\BOOKMARK [2][-]{subsection.5.3.2}{\376\377\0005\000.\0003\000.\0002\000\040\000M\000e\000m\000b\000e\000r\000\040\000F\000u\000n\000c\000t\000i\000o\000n\000\040\000D\000o\000c\000u\000m\000e\000n\000t\000a\000t\000i\000o\000n}{section.5.3}% 36
\BOOKMARK [3][-]{subsubsection.5.3.2.1}{\376\377\0005\000.\0003\000.\0002\000.\0001\000\040\000u\000p\000d\000a\000t\000e\000\050\000\051}{subsection.5.3.2}% 37
\BOOKMARK [2][-]{subsection.5.3.3}{\376\377\0005\000.\0003\000.\0003\000\040\000M\000e\000m\000b\000e\000r\000\040\000D\000a\000t\000a\000\040\000D\000o\000c\000u\000m\000e\000n\000t\000a\000t\000i\000o\000n}{section.5.3}% 38
\BOOKMARK [3][-]{subsubsection.5.3.3.1}{\376\377\0005\000.\0003\000.\0003\000.\0001\000\040\000i\000s\000P\000r\000e\000s\000s\000e\000d}{subsection.5.3.3}% 39
\BOOKMARK [3][-]{subsubsection.5.3.3.2}{\376\377\0005\000.\0003\000.\0003\000.\0002\000\040\000o\000n\000c\000l\000i\000c\000k}{subsection.5.3.3}% 40
\BOOKMARK [3][-]{subsubsection.5.3.3.3}{\376\377\0005\000.\0003\000.\0003\000.\0003\000\040\000p\000i\000n}{subsection.5.3.3}% 41
\BOOKMARK [1][-]{section.5.4}{\376\377\0005\000.\0004\000\040\000C\000a\000l\000l\000a\000b\000l\000e\000\040\000S\000t\000r\000u\000c\000t\000\040\000R\000e\000f\000e\000r\000e\000n\000c\000e}{chapter.5}% 42
\BOOKMARK [2][-]{subsection.5.4.1}{\376\377\0005\000.\0004\000.\0001\000\040\000C\000o\000n\000s\000t\000r\000u\000c\000t\000o\000r\000\040\000\046\000\040\000D\000e\000s\000t\000r\000u\000c\000t\000o\000r\000\040\000D\000o\000c\000u\000m\000e\000n\000t\000a\000t\000i\000o\000n}{section.5.4}% 43
\BOOKMARK [3][-]{subsubsection.5.4.1.1}{\376\377\0005\000.\0004\000.\0001\000.\0001\000\040\000\040\000C\000a\000l\000l\000a\000b\000l\000e\000\050\000\051}{subsection.5.4.1}% 44
\BOOKMARK [2][-]{subsection.5.4.2}{\376\377\0005\000.\0004\000.\0002\000\040\000M\000e\000m\000b\000e\000r\000\040\000F\000u\000n\000c\000t\000i\000o\000n\000\040\000D\000o\000c\000u\000m\000e\000n\000t\000a\000t\000i\000o\000n}{section.5.4}% 45
\BOOKMARK [3][-]{subsubsection.5.4.2.1}{\376\377\0005\000.\0004\000.\0002\000.\0001\000\040\000i\000s\000D\000o\000n\000e\000\050\000\051}{subsection.5.4.2}% 46
\BOOKMARK [3][-]{subsubsection.5.4.2.2}{\376\377\0005\000.\0004\000.\0002\000.\0002\000\040\000r\000u\000n\000\050\000\051}{subsection.5.4.2}% 47
\BOOKMARK [1][-]{section.5.5}{\376\377\0005\000.\0005\000\040\000C\000a\000l\000l\000H\000a\000n\000d\000l\000e\000r\000\040\000C\000l\000a\000s\000s\000\040\000R\000e\000f\000e\000r\000e\000n\000c\000e}{chapter.5}% 48
\BOOKMARK [2][-]{subsection.5.5.1}{\376\377\0005\000.\0005\000.\0001\000\040\000D\000e\000t\000a\000i\000l\000e\000d\000\040\000D\000e\000s\000c\000r\000i\000p\000t\000i\000o\000n}{section.5.5}% 49
\BOOKMARK [2][-]{subsection.5.5.2}{\376\377\0005\000.\0005\000.\0002\000\040\000C\000o\000n\000s\000t\000r\000u\000c\000t\000o\000r\000\040\000\046\000\040\000D\000e\000s\000t\000r\000u\000c\000t\000o\000r\000\040\000D\000o\000c\000u\000m\000e\000n\000t\000a\000t\000i\000o\000n}{section.5.5}% 50
\BOOKMARK [3][-]{subsubsection.5.5.2.1}{\376\377\0005\000.\0005\000.\0002\000.\0001\000\040\000\040\000\040\000C\000a\000l\000l\000H\000a\000n\000d\000l\000e\000r\000\050\000\051}{subsection.5.5.2}% 51
\BOOKMARK [2][-]{subsection.5.5.3}{\376\377\0005\000.\0005\000.\0003\000\040\000M\000e\000m\000b\000e\000r\000\040\000F\000u\000n\000c\000t\000i\000o\000n\000\040\000D\000o\000c\000u\000m\000e\000n\000t\000a\000t\000i\000o\000n}{section.5.5}% 52
\BOOKMARK [3][-]{subsubsection.5.5.3.1}{\376\377\0005\000.\0005\000.\0003\000.\0001\000\040\000d\000e\000l\000e\000t\000e\000C\000a\000l\000l\000s\000\050\000\051}{subsection.5.5.3}% 53
\BOOKMARK [3][-]{subsubsection.5.5.3.2}{\376\377\0005\000.\0005\000.\0003\000.\0002\000\040\000s\000e\000t\000C\000a\000l\000l\000s\000\050\000\051}{subsection.5.5.3}% 54
\BOOKMARK [3][-]{subsubsection.5.5.3.3}{\376\377\0005\000.\0005\000.\0003\000.\0003\000\040\000u\000p\000d\000a\000t\000e\000\050\000\051}{subsection.5.5.3}% 55
\BOOKMARK [2][-]{subsection.5.5.4}{\376\377\0005\000.\0005\000.\0004\000\040\000M\000e\000m\000b\000e\000r\000\040\000D\000a\000t\000a\000\040\000D\000o\000c\000u\000m\000e\000n\000t\000a\000t\000i\000o\000n}{section.5.5}% 56
\BOOKMARK [3][-]{subsubsection.5.5.4.1}{\376\377\0005\000.\0005\000.\0004\000.\0001\000\040\000c\000a\000l\000l\000P\000t\000r\000s}{subsection.5.5.4}% 57
\BOOKMARK [3][-]{subsubsection.5.5.4.2}{\376\377\0005\000.\0005\000.\0004\000.\0002\000\040\000c\000a\000l\000l\000s\000S\000e\000t}{subsection.5.5.4}% 58
\BOOKMARK [3][-]{subsubsection.5.5.4.3}{\376\377\0005\000.\0005\000.\0004\000.\0003\000\040\000c\000u\000r\000r\000C\000a\000l\000l\000P\000t\000r}{subsection.5.5.4}% 59
\BOOKMARK [3][-]{subsubsection.5.5.4.4}{\376\377\0005\000.\0005\000.\0004\000.\0004\000\040\000l\000a\000s\000t\000C\000a\000l\000l\000P\000t\000r}{subsection.5.5.4}% 60
\BOOKMARK [3][-]{subsubsection.5.5.4.5}{\376\377\0005\000.\0005\000.\0004\000.\0005\000\040\000l\000a\000s\000t\000C\000a\000l\000l\000T}{subsection.5.5.4}% 61
\BOOKMARK [3][-]{subsubsection.5.5.4.6}{\376\377\0005\000.\0005\000.\0004\000.\0006\000\040\000r\000u\000n\000n\000i\000n\000g}{subsection.5.5.4}% 62
\BOOKMARK [1][-]{section.5.6}{\376\377\0005\000.\0006\000\040\000C\000u\000s\000t\000o\000m\000S\000e\000r\000v\000o\000\040\000C\000l\000a\000s\000s\000\040\000R\000e\000f\000e\000r\000e\000n\000c\000e}{chapter.5}% 63
\BOOKMARK [2][-]{subsection.5.6.1}{\376\377\0005\000.\0006\000.\0001\000\040\000D\000e\000t\000a\000i\000l\000e\000d\000\040\000D\000e\000s\000c\000r\000i\000p\000t\000i\000o\000n}{section.5.6}% 64
\BOOKMARK [2][-]{subsection.5.6.2}{\376\377\0005\000.\0006\000.\0002\000\040\000M\000e\000m\000b\000e\000r\000\040\000F\000u\000n\000c\000t\000i\000o\000n\000\040\000D\000o\000c\000u\000m\000e\000n\000t\000a\000t\000i\000o\000n}{section.5.6}% 65
\BOOKMARK [3][-]{subsubsection.5.6.2.1}{\376\377\0005\000.\0006\000.\0002\000.\0001\000\040\000i\000s\000D\000o\000n\000e\000\050\000\051}{subsection.5.6.2}% 66
\BOOKMARK [3][-]{subsubsection.5.6.2.2}{\376\377\0005\000.\0006\000.\0002\000.\0002\000\040\000s\000e\000t\000S\000p\000e\000e\000d\000\050\000\051}{subsection.5.6.2}% 67
\BOOKMARK [3][-]{subsubsection.5.6.2.3}{\376\377\0005\000.\0006\000.\0002\000.\0003\000\040\000s\000t\000a\000r\000t\000\050\000\051}{subsection.5.6.2}% 68
\BOOKMARK [3][-]{subsubsection.5.6.2.4}{\376\377\0005\000.\0006\000.\0002\000.\0004\000\040\000s\000t\000a\000r\000t\000M\000o\000v\000e\000\050\000\051}{subsection.5.6.2}% 69
\BOOKMARK [3][-]{subsubsection.5.6.2.5}{\376\377\0005\000.\0006\000.\0002\000.\0005\000\040\000s\000t\000o\000p\000\050\000\051}{subsection.5.6.2}% 70
\BOOKMARK [3][-]{subsubsection.5.6.2.6}{\376\377\0005\000.\0006\000.\0002\000.\0006\000\040\000u\000p\000d\000a\000t\000e\000P\000o\000s\000\050\000\051}{subsection.5.6.2}% 71
\BOOKMARK [3][-]{subsubsection.5.6.2.7}{\376\377\0005\000.\0006\000.\0002\000.\0007\000\040\000w\000r\000i\000t\000e\000\050\000\051\000\040\000[\0001\000/\0002\000]}{subsection.5.6.2}% 72
\BOOKMARK [3][-]{subsubsection.5.6.2.8}{\376\377\0005\000.\0006\000.\0002\000.\0008\000\040\000w\000r\000i\000t\000e\000\050\000\051\000\040\000[\0002\000/\0002\000]}{subsection.5.6.2}% 73
\BOOKMARK [3][-]{subsubsection.5.6.2.9}{\376\377\0005\000.\0006\000.\0002\000.\0009\000\040\000w\000r\000i\000t\000e\000D\000i\000r\000e\000c\000t\000\050\000\051}{subsection.5.6.2}% 74
\BOOKMARK [2][-]{subsection.5.6.3}{\376\377\0005\000.\0006\000.\0003\000\040\000M\000e\000m\000b\000e\000r\000\040\000D\000a\000t\000a\000\040\000D\000o\000c\000u\000m\000e\000n\000t\000a\000t\000i\000o\000n}{section.5.6}% 75
\BOOKMARK [3][-]{subsubsection.5.6.3.1}{\376\377\0005\000.\0006\000.\0003\000.\0001\000\040\000d\000o\000n\000e}{subsection.5.6.3}% 76
\BOOKMARK [3][-]{subsubsection.5.6.3.2}{\376\377\0005\000.\0006\000.\0003\000.\0002\000\040\000s\000e\000r\000v\000o}{subsection.5.6.3}% 77
\BOOKMARK [3][-]{subsubsection.5.6.3.3}{\376\377\0005\000.\0006\000.\0003\000.\0003\000\040\000s\000p\000e\000e\000d}{subsection.5.6.3}% 78
\BOOKMARK [3][-]{subsubsection.5.6.3.4}{\376\377\0005\000.\0006\000.\0003\000.\0004\000\040\000s\000t\000a\000r\000t\000A\000n\000g\000l\000e}{subsection.5.6.3}% 79
\BOOKMARK [3][-]{subsubsection.5.6.3.5}{\376\377\0005\000.\0006\000.\0003\000.\0005\000\040\000s\000t\000a\000r\000t\000T\000i\000m\000e}{subsection.5.6.3}% 80
\BOOKMARK [3][-]{subsubsection.5.6.3.6}{\376\377\0005\000.\0006\000.\0003\000.\0006\000\040\000t\000a\000r\000g\000e\000t\000A\000n\000g\000l\000e}{subsection.5.6.3}% 81
\BOOKMARK [1][-]{section.5.7}{\376\377\0005\000.\0007\000\040\000F\000u\000n\000c\000C\000a\000l\000l\000\040\000S\000t\000r\000u\000c\000t\000\040\000R\000e\000f\000e\000r\000e\000n\000c\000e}{chapter.5}% 82
\BOOKMARK [2][-]{subsection.5.7.1}{\376\377\0005\000.\0007\000.\0001\000\040\000C\000o\000n\000s\000t\000r\000u\000c\000t\000o\000r\000\040\000\046\000\040\000D\000e\000s\000t\000r\000u\000c\000t\000o\000r\000\040\000D\000o\000c\000u\000m\000e\000n\000t\000a\000t\000i\000o\000n}{section.5.7}% 83
\BOOKMARK [3][-]{subsubsection.5.7.1.1}{\376\377\0005\000.\0007\000.\0001\000.\0001\000\040\000F\000u\000n\000c\000C\000a\000l\000l\000\050\000\051\000\040\000[\0001\000/\0002\000]}{subsection.5.7.1}% 84
\BOOKMARK [3][-]{subsubsection.5.7.1.2}{\376\377\0005\000.\0007\000.\0001\000.\0002\000\040\000F\000u\000n\000c\000C\000a\000l\000l\000\050\000\051\000\040\000[\0002\000/\0002\000]}{subsection.5.7.1}% 85
\BOOKMARK [3][-]{subsubsection.5.7.1.3}{\376\377\0005\000.\0007\000.\0001\000.\0003\000\040\000\040\000F\000u\000n\000c\000C\000a\000l\000l\000\050\000\051}{subsection.5.7.1}% 86
\BOOKMARK [2][-]{subsection.5.7.2}{\376\377\0005\000.\0007\000.\0002\000\040\000M\000e\000m\000b\000e\000r\000\040\000F\000u\000n\000c\000t\000i\000o\000n\000\040\000D\000o\000c\000u\000m\000e\000n\000t\000a\000t\000i\000o\000n}{section.5.7}% 87
\BOOKMARK [3][-]{subsubsection.5.7.2.1}{\376\377\0005\000.\0007\000.\0002\000.\0001\000\040\000i\000s\000D\000o\000n\000e\000\050\000\051}{subsection.5.7.2}% 88
\BOOKMARK [3][-]{subsubsection.5.7.2.2}{\376\377\0005\000.\0007\000.\0002\000.\0002\000\040\000r\000u\000n\000\050\000\051}{subsection.5.7.2}% 89
\BOOKMARK [2][-]{subsection.5.7.3}{\376\377\0005\000.\0007\000.\0003\000\040\000M\000e\000m\000b\000e\000r\000\040\000D\000a\000t\000a\000\040\000D\000o\000c\000u\000m\000e\000n\000t\000a\000t\000i\000o\000n}{section.5.7}% 90
\BOOKMARK [3][-]{subsubsection.5.7.3.1}{\376\377\0005\000.\0007\000.\0003\000.\0001\000\040\000\137\000i\000s\000D\000o\000n\000e}{subsection.5.7.3}% 91
\BOOKMARK [3][-]{subsubsection.5.7.3.2}{\376\377\0005\000.\0007\000.\0003\000.\0002\000\040\000c\000a\000l\000l}{subsection.5.7.3}% 92
\BOOKMARK [1][-]{section.5.8}{\376\377\0005\000.\0008\000\040\000L\000c\000d\000D\000o\000t\000A\000n\000i\000m\000\040\000C\000l\000a\000s\000s\000\040\000R\000e\000f\000e\000r\000e\000n\000c\000e}{chapter.5}% 93
\BOOKMARK [2][-]{subsection.5.8.1}{\376\377\0005\000.\0008\000.\0001\000\040\000C\000o\000n\000s\000t\000r\000u\000c\000t\000o\000r\000\040\000\046\000\040\000D\000e\000s\000t\000r\000u\000c\000t\000o\000r\000\040\000D\000o\000c\000u\000m\000e\000n\000t\000a\000t\000i\000o\000n}{section.5.8}% 94
\BOOKMARK [3][-]{subsubsection.5.8.1.1}{\376\377\0005\000.\0008\000.\0001\000.\0001\000\040\000L\000c\000d\000D\000o\000t\000A\000n\000i\000m\000\050\000\051}{subsection.5.8.1}% 95
\BOOKMARK [2][-]{subsection.5.8.2}{\376\377\0005\000.\0008\000.\0002\000\040\000M\000e\000m\000b\000e\000r\000\040\000F\000u\000n\000c\000t\000i\000o\000n\000\040\000D\000o\000c\000u\000m\000e\000n\000t\000a\000t\000i\000o\000n}{section.5.8}% 96
\BOOKMARK [3][-]{subsubsection.5.8.2.1}{\376\377\0005\000.\0008\000.\0002\000.\0001\000\040\000i\000n\000i\000t\000\050\000\051}{subsection.5.8.2}% 97
\BOOKMARK [3][-]{subsubsection.5.8.2.2}{\376\377\0005\000.\0008\000.\0002\000.\0002\000\040\000u\000p\000d\000a\000t\000e\000\050\000\051}{subsection.5.8.2}% 98
\BOOKMARK [1][-]{section.5.9}{\376\377\0005\000.\0009\000\040\000L\000c\000d\000L\000o\000a\000d\000i\000n\000g\000A\000n\000i\000m\000\040\000C\000l\000a\000s\000s\000\040\000R\000e\000f\000e\000r\000e\000n\000c\000e}{chapter.5}% 99
\BOOKMARK [2][-]{subsection.5.9.1}{\376\377\0005\000.\0009\000.\0001\000\040\000M\000e\000m\000b\000e\000r\000\040\000F\000u\000n\000c\000t\000i\000o\000n\000\040\000D\000o\000c\000u\000m\000e\000n\000t\000a\000t\000i\000o\000n}{section.5.9}% 100
\BOOKMARK [3][-]{subsubsection.5.9.1.1}{\376\377\0005\000.\0009\000.\0001\000.\0001\000\040\000i\000n\000i\000t\000\050\000\051}{subsection.5.9.1}% 101
\BOOKMARK [3][-]{subsubsection.5.9.1.2}{\376\377\0005\000.\0009\000.\0001\000.\0002\000\040\000u\000p\000d\000a\000t\000e\000\050\000\051}{subsection.5.9.1}% 102
\BOOKMARK [1][-]{section.5.10}{\376\377\0005\000.\0001\0000\000\040\000L\000c\000d\000S\000t\000r\000i\000n\000g\000\040\000S\000t\000r\000u\000c\000t\000\040\000R\000e\000f\000e\000r\000e\000n\000c\000e}{chapter.5}% 103
\BOOKMARK [2][-]{subsection.5.10.1}{\376\377\0005\000.\0001\0000\000.\0001\000\040\000C\000o\000n\000s\000t\000r\000u\000c\000t\000o\000r\000\040\000\046\000\040\000D\000e\000s\000t\000r\000u\000c\000t\000o\000r\000\040\000D\000o\000c\000u\000m\000e\000n\000t\000a\000t\000i\000o\000n}{section.5.10}% 104
\BOOKMARK [3][-]{subsubsection.5.10.1.1}{\376\377\0005\000.\0001\0000\000.\0001\000.\0001\000\040\000L\000c\000d\000S\000t\000r\000i\000n\000g\000\050\000\051}{subsection.5.10.1}% 105
\BOOKMARK [3][-]{subsubsection.5.10.1.2}{\376\377\0005\000.\0001\0000\000.\0001\000.\0002\000\040\000\040\000L\000c\000d\000S\000t\000r\000i\000n\000g\000\050\000\051}{subsection.5.10.1}% 106
\BOOKMARK [2][-]{subsection.5.10.2}{\376\377\0005\000.\0001\0000\000.\0002\000\040\000M\000e\000m\000b\000e\000r\000\040\000F\000u\000n\000c\000t\000i\000o\000n\000\040\000D\000o\000c\000u\000m\000e\000n\000t\000a\000t\000i\000o\000n}{section.5.10}% 107
\BOOKMARK [3][-]{subsubsection.5.10.2.1}{\376\377\0005\000.\0001\0000\000.\0002\000.\0001\000\040\000i\000s\000D\000o\000n\000e\000\050\000\051}{subsection.5.10.2}% 108
\BOOKMARK [3][-]{subsubsection.5.10.2.2}{\376\377\0005\000.\0001\0000\000.\0002\000.\0002\000\040\000r\000u\000n\000\050\000\051}{subsection.5.10.2}% 109
\BOOKMARK [3][-]{subsubsection.5.10.2.3}{\376\377\0005\000.\0001\0000\000.\0002\000.\0003\000\040\000u\000p\000d\000a\000t\000e\000\050\000\051}{subsection.5.10.2}% 110
\BOOKMARK [2][-]{subsection.5.10.3}{\376\377\0005\000.\0001\0000\000.\0003\000\040\000M\000e\000m\000b\000e\000r\000\040\000D\000a\000t\000a\000\040\000D\000o\000c\000u\000m\000e\000n\000t\000a\000t\000i\000o\000n}{section.5.10}% 111
\BOOKMARK [3][-]{subsubsection.5.10.3.1}{\376\377\0005\000.\0001\0000\000.\0003\000.\0001\000\040\000c\000a\000l\000l\000S\000t\000a\000r\000t}{subsection.5.10.3}% 112
\BOOKMARK [3][-]{subsubsection.5.10.3.2}{\376\377\0005\000.\0001\0000\000.\0003\000.\0002\000\040\000d\000u\000r\000a\000t\000i\000o\000n}{subsection.5.10.3}% 113
\BOOKMARK [3][-]{subsubsection.5.10.3.3}{\376\377\0005\000.\0001\0000\000.\0003\000.\0003\000\040\000l\000c\000d}{subsection.5.10.3}% 114
\BOOKMARK [3][-]{subsubsection.5.10.3.4}{\376\377\0005\000.\0001\0000\000.\0003\000.\0004\000\040\000t\000e\000x\000t}{subsection.5.10.3}% 115
\BOOKMARK [0][-]{chapter.6}{\376\377\0006\000\040\000F\000i\000l\000e\000\040\000D\000o\000c\000u\000m\000e\000n\000t\000a\000t\000i\000o\000n}{}% 116
\BOOKMARK [1][-]{section.6.1}{\376\377\0006\000.\0001\000\040\000a\000n\000i\000m\000L\000c\000d\000.\000h\000\040\000F\000i\000l\000e\000\040\000R\000e\000f\000e\000r\000e\000n\000c\000e}{chapter.6}% 117
\BOOKMARK [2][-]{subsection.6.1.1}{\376\377\0006\000.\0001\000.\0001\000\040\000V\000a\000r\000i\000a\000b\000l\000e\000\040\000D\000o\000c\000u\000m\000e\000n\000t\000a\000t\000i\000o\000n}{section.6.1}% 118
\BOOKMARK [3][-]{subsubsection.6.1.1.1}{\376\377\0006\000.\0001\000.\0001\000.\0001\000\040\000L\000O\000A\000D\000I\000N\000G\000\137\000B\000A\000R\000\137\000O\000F\000F\000S\000E\000T}{subsection.6.1.1}% 119
\BOOKMARK [1][-]{section.6.2}{\376\377\0006\000.\0002\000\040\000a\000n\000i\000m\000L\000c\000d\000.\000i\000n\000o\000\040\000F\000i\000l\000e\000\040\000R\000e\000f\000e\000r\000e\000n\000c\000e}{chapter.6}% 120
\BOOKMARK [2][-]{subsection.6.2.1}{\376\377\0006\000.\0002\000.\0001\000\040\000D\000e\000t\000a\000i\000l\000e\000d\000\040\000D\000e\000s\000c\000r\000i\000p\000t\000i\000o\000n}{section.6.2}% 121
\BOOKMARK [2][-]{subsection.6.2.2}{\376\377\0006\000.\0002\000.\0002\000\040\000V\000a\000r\000i\000a\000b\000l\000e\000\040\000D\000o\000c\000u\000m\000e\000n\000t\000a\000t\000i\000o\000n}{section.6.2}% 122
\BOOKMARK [3][-]{subsubsection.6.2.2.1}{\376\377\0006\000.\0002\000.\0002\000.\0001\000\040\000l\000o\000a\000d\000i\000n\000g\000\137\000e\000m\000p\000t\000y\000\137\000c}{subsection.6.2.2}% 123
\BOOKMARK [3][-]{subsubsection.6.2.2.2}{\376\377\0006\000.\0002\000.\0002\000.\0002\000\040\000l\000o\000a\000d\000i\000n\000g\000\137\000f\000u\000l\000l\000\137\000c}{subsection.6.2.2}% 124
\BOOKMARK [1][-]{section.6.3}{\376\377\0006\000.\0003\000\040\000a\000n\000i\000m\000S\000t\000r\000i\000n\000g\000.\000h\000\040\000F\000i\000l\000e\000\040\000R\000e\000f\000e\000r\000e\000n\000c\000e}{chapter.6}% 125
\BOOKMARK [1][-]{section.6.4}{\376\377\0006\000.\0004\000\040\000a\000n\000i\000m\000S\000t\000r\000i\000n\000g\000.\000i\000n\000o\000\040\000F\000i\000l\000e\000\040\000R\000e\000f\000e\000r\000e\000n\000c\000e}{chapter.6}% 126
\BOOKMARK [2][-]{subsection.6.4.1}{\376\377\0006\000.\0004\000.\0001\000\040\000D\000e\000t\000a\000i\000l\000e\000d\000\040\000D\000e\000s\000c\000r\000i\000p\000t\000i\000o\000n}{section.6.4}% 127
\BOOKMARK [1][-]{section.6.5}{\376\377\0006\000.\0005\000\040\000c\000a\000l\000l\000H\000a\000n\000d\000l\000e\000r\000.\000h\000\040\000F\000i\000l\000e\000\040\000R\000e\000f\000e\000r\000e\000n\000c\000e}{chapter.6}% 128
\BOOKMARK [2][-]{subsection.6.5.1}{\376\377\0006\000.\0005\000.\0001\000\040\000D\000e\000t\000a\000i\000l\000e\000d\000\040\000D\000e\000s\000c\000r\000i\000p\000t\000i\000o\000n}{section.6.5}% 129
\BOOKMARK [1][-]{section.6.6}{\376\377\0006\000.\0006\000\040\000c\000a\000l\000l\000H\000a\000n\000d\000l\000e\000r\000.\000i\000n\000o\000\040\000F\000i\000l\000e\000\040\000R\000e\000f\000e\000r\000e\000n\000c\000e}{chapter.6}% 130
\BOOKMARK [2][-]{subsection.6.6.1}{\376\377\0006\000.\0006\000.\0001\000\040\000D\000e\000t\000a\000i\000l\000e\000d\000\040\000D\000e\000s\000c\000r\000i\000p\000t\000i\000o\000n}{section.6.6}% 131
\BOOKMARK [1][-]{section.6.7}{\376\377\0006\000.\0007\000\040\000c\000u\000s\000t\000o\000m\000S\000e\000r\000v\000o\000.\000h\000\040\000F\000i\000l\000e\000\040\000R\000e\000f\000e\000r\000e\000n\000c\000e}{chapter.6}% 132
\BOOKMARK [2][-]{subsection.6.7.1}{\376\377\0006\000.\0007\000.\0001\000\040\000D\000e\000t\000a\000i\000l\000e\000d\000\040\000D\000e\000s\000c\000r\000i\000p\000t\000i\000o\000n}{section.6.7}% 133
\BOOKMARK [1][-]{section.6.8}{\376\377\0006\000.\0008\000\040\000c\000u\000s\000t\000o\000m\000S\000e\000r\000v\000o\000.\000i\000n\000o\000\040\000F\000i\000l\000e\000\040\000R\000e\000f\000e\000r\000e\000n\000c\000e}{chapter.6}% 134
\BOOKMARK [2][-]{subsection.6.8.1}{\376\377\0006\000.\0008\000.\0001\000\040\000D\000e\000t\000a\000i\000l\000e\000d\000\040\000D\000e\000s\000c\000r\000i\000p\000t\000i\000o\000n}{section.6.8}% 135
\BOOKMARK [1][-]{section.6.9}{\376\377\0006\000.\0009\000\040\000h\000e\000a\000d\000e\000r\000.\000h\000\040\000F\000i\000l\000e\000\040\000R\000e\000f\000e\000r\000e\000n\000c\000e}{chapter.6}% 136
\BOOKMARK [2][-]{subsection.6.9.1}{\376\377\0006\000.\0009\000.\0001\000\040\000D\000e\000t\000a\000i\000l\000e\000d\000\040\000D\000e\000s\000c\000r\000i\000p\000t\000i\000o\000n}{section.6.9}% 137
\BOOKMARK [2][-]{subsection.6.9.2}{\376\377\0006\000.\0009\000.\0002\000\040\000T\000y\000p\000e\000d\000e\000f\000\040\000D\000o\000c\000u\000m\000e\000n\000t\000a\000t\000i\000o\000n}{section.6.9}% 138
\BOOKMARK [3][-]{subsubsection.6.9.2.1}{\376\377\0006\000.\0009\000.\0002\000.\0001\000\040\000f\000u\000n\000c\000\137\000t}{subsection.6.9.2}% 139
\BOOKMARK [3][-]{subsubsection.6.9.2.2}{\376\377\0006\000.\0009\000.\0002\000.\0002\000\040\000t\000i\000m\000e\000\137\000t}{subsection.6.9.2}% 140
\BOOKMARK [1][-]{section.6.10}{\376\377\0006\000.\0001\0000\000\040\000m\000a\000i\000n\000.\000c\000\040\000F\000i\000l\000e\000\040\000R\000e\000f\000e\000r\000e\000n\000c\000e}{chapter.6}% 141
\BOOKMARK [1][-]{section.6.11}{\376\377\0006\000.\0001\0001\000\040\000s\000k\000e\000t\000c\000h\000.\000i\000n\000o\000\040\000F\000i\000l\000e\000\040\000R\000e\000f\000e\000r\000e\000n\000c\000e}{chapter.6}% 142
\BOOKMARK [2][-]{subsection.6.11.1}{\376\377\0006\000.\0001\0001\000.\0001\000\040\000D\000e\000t\000a\000i\000l\000e\000d\000\040\000D\000e\000s\000c\000r\000i\000p\000t\000i\000o\000n}{section.6.11}% 143
\BOOKMARK [2][-]{subsection.6.11.2}{\376\377\0006\000.\0001\0001\000.\0002\000\040\000M\000a\000c\000r\000o\000\040\000D\000e\000f\000i\000n\000i\000t\000i\000o\000n\000\040\000D\000o\000c\000u\000m\000e\000n\000t\000a\000t\000i\000o\000n}{section.6.11}% 144
\BOOKMARK [3][-]{subsubsection.6.11.2.1}{\376\377\0006\000.\0001\0001\000.\0002\000.\0001\000\040\000G\000E\000H\000\137\000Z\000U\000R\000U\000E\000C\000K}{subsection.6.11.2}% 145
\BOOKMARK [2][-]{subsection.6.11.3}{\376\377\0006\000.\0001\0001\000.\0003\000\040\000E\000n\000u\000m\000e\000r\000a\000t\000i\000o\000n\000\040\000T\000y\000p\000e\000\040\000D\000o\000c\000u\000m\000e\000n\000t\000a\000t\000i\000o\000n}{section.6.11}% 146
\BOOKMARK [3][-]{subsubsection.6.11.3.1}{\376\377\0006\000.\0001\0001\000.\0003\000.\0001\000\040\000F\000a\000r\000b\000e}{subsection.6.11.3}% 147
\BOOKMARK [2][-]{subsection.6.11.4}{\376\377\0006\000.\0001\0001\000.\0004\000\040\000F\000u\000n\000c\000t\000i\000o\000n\000\040\000D\000o\000c\000u\000m\000e\000n\000t\000a\000t\000i\000o\000n}{section.6.11}% 148
\BOOKMARK [3][-]{subsubsection.6.11.4.1}{\376\377\0006\000.\0001\0001\000.\0004\000.\0001\000\040\000l\000o\000o\000p\000\050\000\051}{subsection.6.11.4}% 149
\BOOKMARK [3][-]{subsubsection.6.11.4.2}{\376\377\0006\000.\0001\0001\000.\0004\000.\0002\000\040\000m\000e\000s\000u\000r\000e\000C\000o\000l\000o\000r\000\050\000\051}{subsection.6.11.4}% 150
\BOOKMARK [3][-]{subsubsection.6.11.4.3}{\376\377\0006\000.\0001\0001\000.\0004\000.\0003\000\040\000s\000e\000r\000v\000o\000I\000s\000D\000o\000n\000e\000\050\000\051}{subsection.6.11.4}% 151
\BOOKMARK [3][-]{subsubsection.6.11.4.4}{\376\377\0006\000.\0001\0001\000.\0004\000.\0004\000\040\000s\000e\000t\000L\000e\000d\000C\000o\000l\000o\000r\000\050\000\051}{subsection.6.11.4}% 152
\BOOKMARK [3][-]{subsubsection.6.11.4.5}{\376\377\0006\000.\0001\0001\000.\0004\000.\0005\000\040\000s\000e\000t\000u\000p\000\050\000\051}{subsection.6.11.4}% 153
\BOOKMARK [3][-]{subsubsection.6.11.4.6}{\376\377\0006\000.\0001\0001\000.\0004\000.\0006\000\040\000s\000t\000o\000p\000B\000u\000t\000t\000o\000n\000C\000l\000i\000c\000k\000e\000d\000\050\000\051}{subsection.6.11.4}% 154
\BOOKMARK [2][-]{subsection.6.11.5}{\376\377\0006\000.\0001\0001\000.\0005\000\040\000V\000a\000r\000i\000a\000b\000l\000e\000\040\000D\000o\000c\000u\000m\000e\000n\000t\000a\000t\000i\000o\000n}{section.6.11}% 155
\BOOKMARK [3][-]{subsubsection.6.11.5.1}{\376\377\0006\000.\0001\0001\000.\0005\000.\0001\000\040\000A\000N\000G\000L\000E\000\137\000C\000E\000N\000T\000E\000R}{subsection.6.11.5}% 156
\BOOKMARK [3][-]{subsubsection.6.11.5.2}{\376\377\0006\000.\0001\0001\000.\0005\000.\0002\000\040\000A\000N\000G\000L\000E\000\137\000L\000E\000F\000T\000\137\000H\000O\000L\000E}{subsection.6.11.5}% 157
\BOOKMARK [3][-]{subsubsection.6.11.5.3}{\376\377\0006\000.\0001\0001\000.\0005\000.\0003\000\040\000A\000N\000G\000L\000E\000\137\000M\000I\000N}{subsection.6.11.5}% 158
\BOOKMARK [3][-]{subsubsection.6.11.5.4}{\376\377\0006\000.\0001\0001\000.\0005\000.\0004\000\040\000A\000N\000G\000L\000E\000\137\000R\000I\000G\000H\000T\000\137\000H\000O\000L\000E}{subsection.6.11.5}% 159
\BOOKMARK [3][-]{subsubsection.6.11.5.5}{\376\377\0006\000.\0001\0001\000.\0005\000.\0005\000\040\000c\000a\000l\000l\000H\000a\000n\000d\000l\000e\000r}{subsection.6.11.5}% 160
\BOOKMARK [3][-]{subsubsection.6.11.5.6}{\376\377\0006\000.\0001\0001\000.\0005\000.\0006\000\040\000d\000o\000F\000l\000i\000c\000k\000e\000r}{subsection.6.11.5}% 161
\BOOKMARK [3][-]{subsubsection.6.11.5.7}{\376\377\0006\000.\0001\0001\000.\0005\000.\0007\000\040\000l\000c\000d}{subsection.6.11.5}% 162
\BOOKMARK [3][-]{subsubsection.6.11.5.8}{\376\377\0006\000.\0001\0001\000.\0005\000.\0008\000\040\000L\000O\000A\000D\000I\000N\000G\000\137\000D\000U\000R\000A\000T\000I\000O\000N}{subsection.6.11.5}% 163
\BOOKMARK [3][-]{subsubsection.6.11.5.9}{\376\377\0006\000.\0001\0001\000.\0005\000.\0009\000\040\000n\000B\000l\000a\000c\000k}{subsection.6.11.5}% 164
\BOOKMARK [3][-]{subsubsection.6.11.5.10}{\376\377\0006\000.\0001\0001\000.\0005\000.\0001\0000\000\040\000n\000O\000r\000a\000n\000g\000e}{subsection.6.11.5}% 165
\BOOKMARK [3][-]{subsubsection.6.11.5.11}{\376\377\0006\000.\0001\0001\000.\0005\000.\0001\0001\000\040\000n\000W\000h\000i\000t\000e}{subsection.6.11.5}% 166
\BOOKMARK [3][-]{subsubsection.6.11.5.12}{\376\377\0006\000.\0001\0001\000.\0005\000.\0001\0002\000\040\000P\000I\000N\000\137\000B\000L\000U\000E}{subsection.6.11.5}% 167
\BOOKMARK [3][-]{subsubsection.6.11.5.13}{\376\377\0006\000.\0001\0001\000.\0005\000.\0001\0003\000\040\000P\000I\000N\000\137\000G\000R\000E\000E\000N}{subsection.6.11.5}% 168
\BOOKMARK [3][-]{subsubsection.6.11.5.14}{\376\377\0006\000.\0001\0001\000.\0005\000.\0001\0004\000\040\000P\000I\000N\000\137\000R\000E\000D}{subsection.6.11.5}% 169
\BOOKMARK [3][-]{subsubsection.6.11.5.15}{\376\377\0006\000.\0001\0001\000.\0005\000.\0001\0005\000\040\000P\000I\000N\000\137\000S\000E\000R\000V\000O}{subsection.6.11.5}% 170
\BOOKMARK [3][-]{subsubsection.6.11.5.16}{\376\377\0006\000.\0001\0001\000.\0005\000.\0001\0006\000\040\000P\000I\000N\000\137\000S\000T\000O\000P\000B\000U\000T\000T\000O\000N}{subsection.6.11.5}% 171
\BOOKMARK [3][-]{subsubsection.6.11.5.17}{\376\377\0006\000.\0001\0001\000.\0005\000.\0001\0007\000\040\000s\000e\000r\000v\000o}{subsection.6.11.5}% 172
\BOOKMARK [3][-]{subsubsection.6.11.5.18}{\376\377\0006\000.\0001\0001\000.\0005\000.\0001\0008\000\040\000S\000E\000R\000V\000O\000\137\000S\000P\000E\000E\000D\000\137\000D\000E\000F\000A\000U\000L\000T}{subsection.6.11.5}% 173
\BOOKMARK [3][-]{subsubsection.6.11.5.19}{\376\377\0006\000.\0001\0001\000.\0005\000.\0001\0009\000\040\000S\000E\000R\000V\000O\000\137\000S\000P\000E\000E\000D\000\137\000F\000A\000S\000T}{subsection.6.11.5}% 174
\BOOKMARK [3][-]{subsubsection.6.11.5.20}{\376\377\0006\000.\0001\0001\000.\0005\000.\0002\0000\000\040\000s\000t\000o\000p\000B\000u\000t\000t\000o\000n}{subsection.6.11.5}% 175
\BOOKMARK [1][-]{section.6.12}{\376\377\0006\000.\0001\0002\000\040\000w\000o\000k\000w\000i\000-\000p\000r\000o\000j\000e\000c\000t\000.\000t\000x\000t\000\040\000F\000i\000l\000e\000\040\000R\000e\000f\000e\000r\000e\000n\000c\000e}{chapter.6}% 176
\BOOKMARK [0][-]{section*.68}{\376\377\000I\000n\000d\000e\000x}{}% 177
